<?xml version="1.0" encoding="UTF-8"?>
<!-- Generated by org.testng.reporters.JUnitReportReporter -->
<testsuite hostname="EPINPUNW0077" name="com.restassured.basic.SimpleGetTest2" tests="1" failures="0" timestamp="23 Oct 2018 06:39:59 GMT" time="2.821" errors="0">
  <testcase name="getCityDetails" time="2.821" classname="com.restassured.basic.SimpleGetTest2"/>
</testsuite>
