<?xml version="1.0" encoding="UTF-8"?>
<!-- Generated by org.testng.reporters.JUnitReportReporter -->
<testsuite hostname="EPINPUNW0077" name="com.restassured.basic.SimpleGetTest3" tests="1" failures="0" timestamp="30 Oct 2018 06:45:39 GMT" time="9.366" errors="0">
  <testcase name="testRequestLogging" time="9.366" classname="com.restassured.basic.SimpleGetTest3"/>
</testsuite>
